The request analysis.setContextRoots failed with the following error:
RequestErrorCode.PLUGIN_ERROR
Failed to read pubspec.yaml at /Users/anggadwiarifandi/Documents/projects.nosync/custom_lint_app:
PathNotFoundException: Cannot open file, path = '/Users/anggadwiarifandi/Documents/projects.nosync/custom_lint_app/pubspec.yaml' (OS Error: No such file or directory, errno = 2)
#0      _checkForErrorResponse (dart:io/common.dart:55:9)
#1      _File.open.<anonymous closure> (dart:io/file_impl.dart:381:7)
#2      _rootRunUnary (dart:async/zone.dart:1407:47)
#3      _CustomZone.runUnary (dart:async/zone.dart:1308:19)
<asynchronous suspension>
#4      _File.readAsString (dart:io/file_impl.dart:621:18)
<asynchronous suspension>
#5      parsePubspec (package:custom_lint/src/package_utils.dart:84:24)
<asynchronous suspension>
#6      CustomLintProject.parse (package:custom_lint/src/workspace.dart:980:28)
<asynchronous suspension>
#7      Future.wait.<anonymous closure> (dart:async/future.dart:525:21)
<asynchronous suspension>
#8      CustomLintWorkspace.fromContextRoots (package:custom_lint/src/workspace.dart:487:22)
<asynchronous suspension>
#9      SocketCustomLintServerToClientChannel.create (package:custom_lint/src/v2/server_to_client_channel.dart:59:23)
<asynchronous suspension>
#10     CustomLintServer._maybeSpawnCustomLintPlugin (package:custom_lint/src/v2/custom_lint_analyzer_plugin.dart:347:23)
<asynchronous suspension>
#11     CustomLintServer._handleAnalysisSetContextRoots.<anonymous closure> (package:custom_lint/src/v2/custom_lint_analyzer_plugin.dart:328:9)
<asynchronous suspension>
#12     PendingOperation.run (package:custom_lint/src/async_operation.dart:22:14)
<asynchronous suspension>
#13     CustomLintServer._handleRequest (package:custom_lint/src/v2/custom_lint_analyzer_plugin.dart:160:22)
<asynchronous suspension>

at:
#0      CustomLintProject.parse.<anonymous closure> (package:custom_lint/src/workspace.dart:983:7)
#1      _rootRunBinary (dart:async/zone.dart:1423:47)
#2      _CustomZone.runBinary (dart:async/zone.dart:1315:19)
#3      _FutureListener.handleError (dart:async/future_impl.dart:162:22)
#4      Future._propagateToListeners.handleError (dart:async/future_impl.dart:796:47)
#5      Future._propagateToListeners (dart:async/future_impl.dart:817:13)
#6      Future._completeError (dart:async/future_impl.dart:592:5)
#7      _rootRunBinary (dart:async/zone.dart:1423:47)
#8      _CustomZone.runBinary (dart:async/zone.dart:1315:19)
#9      _FutureListener.handleError (dart:async/future_impl.dart:162:22)
#10     Future._propagateToListeners.handleError (dart:async/future_impl.dart:796:47)
#11     Future._propagateToListeners (dart:async/future_impl.dart:817:13)
#12     Future._completeError (dart:async/future_impl.dart:592:5)
#13     _rootRunBinary (dart:async/zone.dart:1423:47)
#14     _CustomZone.runBinary (dart:async/zone.dart:1315:19)
#15     _FutureListener.handleError (dart:async/future_impl.dart:162:22)
#16     Future._propagateToListeners.handleError (dart:async/future_impl.dart:796:47)
#17     Future._propagateToListeners (dart:async/future_impl.dart:817:13)
#18     Future._completeWithValue (dart:async/future_impl.dart:584:5)
#19     Future._asyncCompleteWithValue.<anonymous closure> (dart:async/future_impl.dart:657:7)
#20     _rootRun (dart:async/zone.dart:1399:13)
#21     _CustomZone.run (dart:async/zone.dart:1301:19)
#22     _CustomZone.runGuarded (dart:async/zone.dart:1209:7)
#23     _CustomZone.bindCallbackGuarded.<anonymous closure> (dart:async/zone.dart:1249:23)
#24     _microtaskLoop (dart:async/schedule_microtask.dart:40:21)
#25     _startMicrotaskLoop (dart:async/schedule_microtask.dart:49:5)
#26     _runPendingImmediateCallback (dart:isolate-patch/isolate_patch.dart:123:13)
#27     _RawReceivePort._handleMessage (dart:isolate-patch/isolate_patch.dart:190:5)

The request analysis.setSubscriptions failed with the following error:
RequestErrorCode.PLUGIN_ERROR
Failed to read pubspec.yaml at /Users/anggadwiarifandi/Documents/projects.nosync/custom_lint_app:
PathNotFoundException: Cannot open file, path = '/Users/anggadwiarifandi/Documents/projects.nosync/custom_lint_app/pubspec.yaml' (OS Error: No such file or directory, errno = 2)
#0      _checkForErrorResponse (dart:io/common.dart:55:9)
#1      _File.open.<anonymous closure> (dart:io/file_impl.dart:381:7)
#2      _rootRunUnary (dart:async/zone.dart:1407:47)
#3      _CustomZone.runUnary (dart:async/zone.dart:1308:19)
<asynchronous suspension>
#4      _File.readAsString (dart:io/file_impl.dart:621:18)
<asynchronous suspension>
#5      parsePubspec (package:custom_lint/src/package_utils.dart:84:24)
<asynchronous suspension>
#6      CustomLintProject.parse (package:custom_lint/src/workspace.dart:980:28)
<asynchronous suspension>
#7      Future.wait.<anonymous closure> (dart:async/future.dart:525:21)
<asynchronous suspension>
#8      CustomLintWorkspace.fromContextRoots (package:custom_lint/src/workspace.dart:487:22)
<asynchronous suspension>
#9      SocketCustomLintServerToClientChannel.create (package:custom_lint/src/v2/server_to_client_channel.dart:59:23)
<asynchronous suspension>
#10     CustomLintServer._maybeSpawnCustomLintPlugin (package:custom_lint/src/v2/custom_lint_analyzer_plugin.dart:347:23)
<asynchronous suspension>
#11     CustomLintServer._handleAnalysisSetContextRoots.<anonymous closure> (package:custom_lint/src/v2/custom_lint_analyzer_plugin.dart:328:9)
<asynchronous suspension>
#12     PendingOperation.run (package:custom_lint/src/async_operation.dart:22:14)
<asynchronous suspension>
#13     CustomLintServer._handleRequest (package:custom_lint/src/v2/custom_lint_analyzer_plugin.dart:160:22)
<asynchronous suspension>

at:
#0      CustomLintProject.parse.<anonymous closure> (package:custom_lint/src/workspace.dart:983:7)
#1      _rootRunBinary (dart:async/zone.dart:1423:47)
#2      _CustomZone.runBinary (dart:async/zone.dart:1315:19)
#3      _FutureListener.handleError (dart:async/future_impl.dart:162:22)
#4      Future._propagateToListeners.handleError (dart:async/future_impl.dart:796:47)
#5      Future._propagateToListeners (dart:async/future_impl.dart:817:13)
#6      Future._completeError (dart:async/future_impl.dart:592:5)
#7      _rootRunBinary (dart:async/zone.dart:1423:47)
#8      _CustomZone.runBinary (dart:async/zone.dart:1315:19)
#9      _FutureListener.handleError (dart:async/future_impl.dart:162:22)
#10     Future._propagateToListeners.handleError (dart:async/future_impl.dart:796:47)
#11     Future._propagateToListeners (dart:async/future_impl.dart:817:13)
#12     Future._completeError (dart:async/future_impl.dart:592:5)
#13     _rootRunBinary (dart:async/zone.dart:1423:47)
#14     _CustomZone.runBinary (dart:async/zone.dart:1315:19)
#15     _FutureListener.handleError (dart:async/future_impl.dart:162:22)
#16     Future._propagateToListeners.handleError (dart:async/future_impl.dart:796:47)
#17     Future._propagateToListeners (dart:async/future_impl.dart:817:13)
#18     Future._completeWithValue (dart:async/future_impl.dart:584:5)
#19     Future._asyncCompleteWithValue.<anonymous closure> (dart:async/future_impl.dart:657:7)
#20     _rootRun (dart:async/zone.dart:1399:13)
#21     _CustomZone.run (dart:async/zone.dart:1301:19)
#22     _CustomZone.runGuarded (dart:async/zone.dart:1209:7)
#23     _CustomZone.bindCallbackGuarded.<anonymous closure> (dart:async/zone.dart:1249:23)
#24     _microtaskLoop (dart:async/schedule_microtask.dart:40:21)
#25     _startMicrotaskLoop (dart:async/schedule_microtask.dart:49:5)
#26     _runPendingImmediateCallback (dart:isolate-patch/isolate_patch.dart:123:13)
#27     _RawReceivePort._handleMessage (dart:isolate-patch/isolate_patch.dart:190:5)

The request analysis.updateContent failed with the following error:
RequestErrorCode.PLUGIN_ERROR
Failed to read pubspec.yaml at /Users/anggadwiarifandi/Documents/projects.nosync/custom_lint_app:
PathNotFoundException: Cannot open file, path = '/Users/anggadwiarifandi/Documents/projects.nosync/custom_lint_app/pubspec.yaml' (OS Error: No such file or directory, errno = 2)
#0      _checkForErrorResponse (dart:io/common.dart:55:9)
#1      _File.open.<anonymous closure> (dart:io/file_impl.dart:381:7)
#2      _rootRunUnary (dart:async/zone.dart:1407:47)
#3      _CustomZone.runUnary (dart:async/zone.dart:1308:19)
<asynchronous suspension>
#4      _File.readAsString (dart:io/file_impl.dart:621:18)
<asynchronous suspension>
#5      parsePubspec (package:custom_lint/src/package_utils.dart:84:24)
<asynchronous suspension>
#6      CustomLintProject.parse (package:custom_lint/src/workspace.dart:980:28)
<asynchronous suspension>
#7      Future.wait.<anonymous closure> (dart:async/future.dart:525:21)
<asynchronous suspension>
#8      CustomLintWorkspace.fromContextRoots (package:custom_lint/src/workspace.dart:487:22)
<asynchronous suspension>
#9      SocketCustomLintServerToClientChannel.create (package:custom_lint/src/v2/server_to_client_channel.dart:59:23)
<asynchronous suspension>
#10     CustomLintServer._maybeSpawnCustomLintPlugin (package:custom_lint/src/v2/custom_lint_analyzer_plugin.dart:347:23)
<asynchronous suspension>
#11     CustomLintServer._handleAnalysisSetContextRoots.<anonymous closure> (package:custom_lint/src/v2/custom_lint_analyzer_plugin.dart:328:9)
<asynchronous suspension>
#12     PendingOperation.run (package:custom_lint/src/async_operation.dart:22:14)
<asynchronous suspension>
#13     CustomLintServer._handleRequest (package:custom_lint/src/v2/custom_lint_analyzer_plugin.dart:160:22)
<asynchronous suspension>

at:
#0      CustomLintProject.parse.<anonymous closure> (package:custom_lint/src/workspace.dart:983:7)
#1      _rootRunBinary (dart:async/zone.dart:1423:47)
#2      _CustomZone.runBinary (dart:async/zone.dart:1315:19)
#3      _FutureListener.handleError (dart:async/future_impl.dart:162:22)
#4      Future._propagateToListeners.handleError (dart:async/future_impl.dart:796:47)
#5      Future._propagateToListeners (dart:async/future_impl.dart:817:13)
#6      Future._completeError (dart:async/future_impl.dart:592:5)
#7      _rootRunBinary (dart:async/zone.dart:1423:47)
#8      _CustomZone.runBinary (dart:async/zone.dart:1315:19)
#9      _FutureListener.handleError (dart:async/future_impl.dart:162:22)
#10     Future._propagateToListeners.handleError (dart:async/future_impl.dart:796:47)
#11     Future._propagateToListeners (dart:async/future_impl.dart:817:13)
#12     Future._completeError (dart:async/future_impl.dart:592:5)
#13     _rootRunBinary (dart:async/zone.dart:1423:47)
#14     _CustomZone.runBinary (dart:async/zone.dart:1315:19)
#15     _FutureListener.handleError (dart:async/future_impl.dart:162:22)
#16     Future._propagateToListeners.handleError (dart:async/future_impl.dart:796:47)
#17     Future._propagateToListeners (dart:async/future_impl.dart:817:13)
#18     Future._completeWithValue (dart:async/future_impl.dart:584:5)
#19     Future._asyncCompleteWithValue.<anonymous closure> (dart:async/future_impl.dart:657:7)
#20     _rootRun (dart:async/zone.dart:1399:13)
#21     _CustomZone.run (dart:async/zone.dart:1301:19)
#22     _CustomZone.runGuarded (dart:async/zone.dart:1209:7)
#23     _CustomZone.bindCallbackGuarded.<anonymous closure> (dart:async/zone.dart:1249:23)
#24     _microtaskLoop (dart:async/schedule_microtask.dart:40:21)
#25     _startMicrotaskLoop (dart:async/schedule_microtask.dart:49:5)
#26     _runPendingImmediateCallback (dart:isolate-patch/isolate_patch.dart:123:13)
#27     _RawReceivePort._handleMessage (dart:isolate-patch/isolate_patch.dart:190:5)

The request analysis.setPriorityFiles failed with the following error:
RequestErrorCode.PLUGIN_ERROR
Failed to read pubspec.yaml at /Users/anggadwiarifandi/Documents/projects.nosync/custom_lint_app:
PathNotFoundException: Cannot open file, path = '/Users/anggadwiarifandi/Documents/projects.nosync/custom_lint_app/pubspec.yaml' (OS Error: No such file or directory, errno = 2)
#0      _checkForErrorResponse (dart:io/common.dart:55:9)
#1      _File.open.<anonymous closure> (dart:io/file_impl.dart:381:7)
#2      _rootRunUnary (dart:async/zone.dart:1407:47)
#3      _CustomZone.runUnary (dart:async/zone.dart:1308:19)
<asynchronous suspension>
#4      _File.readAsString (dart:io/file_impl.dart:621:18)
<asynchronous suspension>
#5      parsePubspec (package:custom_lint/src/package_utils.dart:84:24)
<asynchronous suspension>
#6      CustomLintProject.parse (package:custom_lint/src/workspace.dart:980:28)
<asynchronous suspension>
#7      Future.wait.<anonymous closure> (dart:async/future.dart:525:21)
<asynchronous suspension>
#8      CustomLintWorkspace.fromContextRoots (package:custom_lint/src/workspace.dart:487:22)
<asynchronous suspension>
#9      SocketCustomLintServerToClientChannel.create (package:custom_lint/src/v2/server_to_client_channel.dart:59:23)
<asynchronous suspension>
#10     CustomLintServer._maybeSpawnCustomLintPlugin (package:custom_lint/src/v2/custom_lint_analyzer_plugin.dart:347:23)
<asynchronous suspension>
#11     CustomLintServer._handleAnalysisSetContextRoots.<anonymous closure> (package:custom_lint/src/v2/custom_lint_analyzer_plugin.dart:328:9)
<asynchronous suspension>
#12     PendingOperation.run (package:custom_lint/src/async_operation.dart:22:14)
<asynchronous suspension>
#13     CustomLintServer._handleRequest (package:custom_lint/src/v2/custom_lint_analyzer_plugin.dart:160:22)
<asynchronous suspension>

at:
#0      CustomLintProject.parse.<anonymous closure> (package:custom_lint/src/workspace.dart:983:7)
#1      _rootRunBinary (dart:async/zone.dart:1423:47)
#2      _CustomZone.runBinary (dart:async/zone.dart:1315:19)
#3      _FutureListener.handleError (dart:async/future_impl.dart:162:22)
#4      Future._propagateToListeners.handleError (dart:async/future_impl.dart:796:47)
#5      Future._propagateToListeners (dart:async/future_impl.dart:817:13)
#6      Future._completeError (dart:async/future_impl.dart:592:5)
#7      _rootRunBinary (dart:async/zone.dart:1423:47)
#8      _CustomZone.runBinary (dart:async/zone.dart:1315:19)
#9      _FutureListener.handleError (dart:async/future_impl.dart:162:22)
#10     Future._propagateToListeners.handleError (dart:async/future_impl.dart:796:47)
#11     Future._propagateToListeners (dart:async/future_impl.dart:817:13)
#12     Future._completeError (dart:async/future_impl.dart:592:5)
#13     _rootRunBinary (dart:async/zone.dart:1423:47)
#14     _CustomZone.runBinary (dart:async/zone.dart:1315:19)
#15     _FutureListener.handleError (dart:async/future_impl.dart:162:22)
#16     Future._propagateToListeners.handleError (dart:async/future_impl.dart:796:47)
#17     Future._propagateToListeners (dart:async/future_impl.dart:817:13)
#18     Future._completeWithValue (dart:async/future_impl.dart:584:5)
#19     Future._asyncCompleteWithValue.<anonymous closure> (dart:async/future_impl.dart:657:7)
#20     _rootRun (dart:async/zone.dart:1399:13)
#21     _CustomZone.run (dart:async/zone.dart:1301:19)
#22     _CustomZone.runGuarded (dart:async/zone.dart:1209:7)
#23     _CustomZone.bindCallbackGuarded.<anonymous closure> (dart:async/zone.dart:1249:23)
#24     _microtaskLoop (dart:async/schedule_microtask.dart:40:21)
#25     _startMicrotaskLoop (dart:async/schedule_microtask.dart:49:5)
#26     _runPendingImmediateCallback (dart:isolate-patch/isolate_patch.dart:123:13)
#27     _RawReceivePort._handleMessage (dart:isolate-patch/isolate_patch.dart:190:5)

The request analysis.setPriorityFiles failed with the following error:
RequestErrorCode.PLUGIN_ERROR
Failed to read pubspec.yaml at /Users/anggadwiarifandi/Documents/projects.nosync/custom_lint_app:
PathNotFoundException: Cannot open file, path = '/Users/anggadwiarifandi/Documents/projects.nosync/custom_lint_app/pubspec.yaml' (OS Error: No such file or directory, errno = 2)
#0      _checkForErrorResponse (dart:io/common.dart:55:9)
#1      _File.open.<anonymous closure> (dart:io/file_impl.dart:381:7)
#2      _rootRunUnary (dart:async/zone.dart:1407:47)
#3      _CustomZone.runUnary (dart:async/zone.dart:1308:19)
<asynchronous suspension>
#4      _File.readAsString (dart:io/file_impl.dart:621:18)
<asynchronous suspension>
#5      parsePubspec (package:custom_lint/src/package_utils.dart:84:24)
<asynchronous suspension>
#6      CustomLintProject.parse (package:custom_lint/src/workspace.dart:980:28)
<asynchronous suspension>
#7      Future.wait.<anonymous closure> (dart:async/future.dart:525:21)
<asynchronous suspension>
#8      CustomLintWorkspace.fromContextRoots (package:custom_lint/src/workspace.dart:487:22)
<asynchronous suspension>
#9      SocketCustomLintServerToClientChannel.create (package:custom_lint/src/v2/server_to_client_channel.dart:59:23)
<asynchronous suspension>
#10     CustomLintServer._maybeSpawnCustomLintPlugin (package:custom_lint/src/v2/custom_lint_analyzer_plugin.dart:347:23)
<asynchronous suspension>
#11     CustomLintServer._handleAnalysisSetContextRoots.<anonymous closure> (package:custom_lint/src/v2/custom_lint_analyzer_plugin.dart:328:9)
<asynchronous suspension>
#12     PendingOperation.run (package:custom_lint/src/async_operation.dart:22:14)
<asynchronous suspension>
#13     CustomLintServer._handleRequest (package:custom_lint/src/v2/custom_lint_analyzer_plugin.dart:160:22)
<asynchronous suspension>

at:
#0      CustomLintProject.parse.<anonymous closure> (package:custom_lint/src/workspace.dart:983:7)
#1      _rootRunBinary (dart:async/zone.dart:1423:47)
#2      _CustomZone.runBinary (dart:async/zone.dart:1315:19)
#3      _FutureListener.handleError (dart:async/future_impl.dart:162:22)
#4      Future._propagateToListeners.handleError (dart:async/future_impl.dart:796:47)
#5      Future._propagateToListeners (dart:async/future_impl.dart:817:13)
#6      Future._completeError (dart:async/future_impl.dart:592:5)
#7      _rootRunBinary (dart:async/zone.dart:1423:47)
#8      _CustomZone.runBinary (dart:async/zone.dart:1315:19)
#9      _FutureListener.handleError (dart:async/future_impl.dart:162:22)
#10     Future._propagateToListeners.handleError (dart:async/future_impl.dart:796:47)
#11     Future._propagateToListeners (dart:async/future_impl.dart:817:13)
#12     Future._completeError (dart:async/future_impl.dart:592:5)
#13     _rootRunBinary (dart:async/zone.dart:1423:47)
#14     _CustomZone.runBinary (dart:async/zone.dart:1315:19)
#15     _FutureListener.handleError (dart:async/future_impl.dart:162:22)
#16     Future._propagateToListeners.handleError (dart:async/future_impl.dart:796:47)
#17     Future._propagateToListeners (dart:async/future_impl.dart:817:13)
#18     Future._completeWithValue (dart:async/future_impl.dart:584:5)
#19     Future._asyncCompleteWithValue.<anonymous closure> (dart:async/future_impl.dart:657:7)
#20     _rootRun (dart:async/zone.dart:1399:13)
#21     _CustomZone.run (dart:async/zone.dart:1301:19)
#22     _CustomZone.runGuarded (dart:async/zone.dart:1209:7)
#23     _CustomZone.bindCallbackGuarded.<anonymous closure> (dart:async/zone.dart:1249:23)
#24     _microtaskLoop (dart:async/schedule_microtask.dart:40:21)
#25     _startMicrotaskLoop (dart:async/schedule_microtask.dart:49:5)
#26     _runPendingImmediateCallback (dart:isolate-patch/isolate_patch.dart:123:13)
#27     _RawReceivePort._handleMessage (dart:isolate-patch/isolate_patch.dart:190:5)

The request analysis.setSubscriptions failed with the following error:
RequestErrorCode.PLUGIN_ERROR
Failed to read pubspec.yaml at /Users/anggadwiarifandi/Documents/projects.nosync/custom_lint_app:
PathNotFoundException: Cannot open file, path = '/Users/anggadwiarifandi/Documents/projects.nosync/custom_lint_app/pubspec.yaml' (OS Error: No such file or directory, errno = 2)
#0      _checkForErrorResponse (dart:io/common.dart:55:9)
#1      _File.open.<anonymous closure> (dart:io/file_impl.dart:381:7)
#2      _rootRunUnary (dart:async/zone.dart:1407:47)
#3      _CustomZone.runUnary (dart:async/zone.dart:1308:19)
<asynchronous suspension>
#4      _File.readAsString (dart:io/file_impl.dart:621:18)
<asynchronous suspension>
#5      parsePubspec (package:custom_lint/src/package_utils.dart:84:24)
<asynchronous suspension>
#6      CustomLintProject.parse (package:custom_lint/src/workspace.dart:980:28)
<asynchronous suspension>
#7      Future.wait.<anonymous closure> (dart:async/future.dart:525:21)
<asynchronous suspension>
#8      CustomLintWorkspace.fromContextRoots (package:custom_lint/src/workspace.dart:487:22)
<asynchronous suspension>
#9      SocketCustomLintServerToClientChannel.create (package:custom_lint/src/v2/server_to_client_channel.dart:59:23)
<asynchronous suspension>
#10     CustomLintServer._maybeSpawnCustomLintPlugin (package:custom_lint/src/v2/custom_lint_analyzer_plugin.dart:347:23)
<asynchronous suspension>
#11     CustomLintServer._handleAnalysisSetContextRoots.<anonymous closure> (package:custom_lint/src/v2/custom_lint_analyzer_plugin.dart:328:9)
<asynchronous suspension>
#12     PendingOperation.run (package:custom_lint/src/async_operation.dart:22:14)
<asynchronous suspension>
#13     CustomLintServer._handleRequest (package:custom_lint/src/v2/custom_lint_analyzer_plugin.dart:160:22)
<asynchronous suspension>

at:
#0      CustomLintProject.parse.<anonymous closure> (package:custom_lint/src/workspace.dart:983:7)
#1      _rootRunBinary (dart:async/zone.dart:1423:47)
#2      _CustomZone.runBinary (dart:async/zone.dart:1315:19)
#3      _FutureListener.handleError (dart:async/future_impl.dart:162:22)
#4      Future._propagateToListeners.handleError (dart:async/future_impl.dart:796:47)
#5      Future._propagateToListeners (dart:async/future_impl.dart:817:13)
#6      Future._completeError (dart:async/future_impl.dart:592:5)
#7      _rootRunBinary (dart:async/zone.dart:1423:47)
#8      _CustomZone.runBinary (dart:async/zone.dart:1315:19)
#9      _FutureListener.handleError (dart:async/future_impl.dart:162:22)
#10     Future._propagateToListeners.handleError (dart:async/future_impl.dart:796:47)
#11     Future._propagateToListeners (dart:async/future_impl.dart:817:13)
#12     Future._completeError (dart:async/future_impl.dart:592:5)
#13     _rootRunBinary (dart:async/zone.dart:1423:47)
#14     _CustomZone.runBinary (dart:async/zone.dart:1315:19)
#15     _FutureListener.handleError (dart:async/future_impl.dart:162:22)
#16     Future._propagateToListeners.handleError (dart:async/future_impl.dart:796:47)
#17     Future._propagateToListeners (dart:async/future_impl.dart:817:13)
#18     Future._completeWithValue (dart:async/future_impl.dart:584:5)
#19     Future._asyncCompleteWithValue.<anonymous closure> (dart:async/future_impl.dart:657:7)
#20     _rootRun (dart:async/zone.dart:1399:13)
#21     _CustomZone.run (dart:async/zone.dart:1301:19)
#22     _CustomZone.runGuarded (dart:async/zone.dart:1209:7)
#23     _CustomZone.bindCallbackGuarded.<anonymous closure> (dart:async/zone.dart:1249:23)
#24     _microtaskLoop (dart:async/schedule_microtask.dart:40:21)
#25     _startMicrotaskLoop (dart:async/schedule_microtask.dart:49:5)
#26     _runPendingImmediateCallback (dart:isolate-patch/isolate_patch.dart:123:13)
#27     _RawReceivePort._handleMessage (dart:isolate-patch/isolate_patch.dart:190:5)

The request analysis.updateContent failed with the following error:
RequestErrorCode.PLUGIN_ERROR
Failed to read pubspec.yaml at /Users/anggadwiarifandi/Documents/projects.nosync/custom_lint_app:
PathNotFoundException: Cannot open file, path = '/Users/anggadwiarifandi/Documents/projects.nosync/custom_lint_app/pubspec.yaml' (OS Error: No such file or directory, errno = 2)
#0      _checkForErrorResponse (dart:io/common.dart:55:9)
#1      _File.open.<anonymous closure> (dart:io/file_impl.dart:381:7)
#2      _rootRunUnary (dart:async/zone.dart:1407:47)
#3      _CustomZone.runUnary (dart:async/zone.dart:1308:19)
<asynchronous suspension>
#4      _File.readAsString (dart:io/file_impl.dart:621:18)
<asynchronous suspension>
#5      parsePubspec (package:custom_lint/src/package_utils.dart:84:24)
<asynchronous suspension>
#6      CustomLintProject.parse (package:custom_lint/src/workspace.dart:980:28)
<asynchronous suspension>
#7      Future.wait.<anonymous closure> (dart:async/future.dart:525:21)
<asynchronous suspension>
#8      CustomLintWorkspace.fromContextRoots (package:custom_lint/src/workspace.dart:487:22)
<asynchronous suspension>
#9      SocketCustomLintServerToClientChannel.create (package:custom_lint/src/v2/server_to_client_channel.dart:59:23)
<asynchronous suspension>
#10     CustomLintServer._maybeSpawnCustomLintPlugin (package:custom_lint/src/v2/custom_lint_analyzer_plugin.dart:347:23)
<asynchronous suspension>
#11     CustomLintServer._handleAnalysisSetContextRoots.<anonymous closure> (package:custom_lint/src/v2/custom_lint_analyzer_plugin.dart:328:9)
<asynchronous suspension>
#12     PendingOperation.run (package:custom_lint/src/async_operation.dart:22:14)
<asynchronous suspension>
#13     CustomLintServer._handleRequest (package:custom_lint/src/v2/custom_lint_analyzer_plugin.dart:160:22)
<asynchronous suspension>

at:
#0      CustomLintProject.parse.<anonymous closure> (package:custom_lint/src/workspace.dart:983:7)
#1      _rootRunBinary (dart:async/zone.dart:1423:47)
#2      _CustomZone.runBinary (dart:async/zone.dart:1315:19)
#3      _FutureListener.handleError (dart:async/future_impl.dart:162:22)
#4      Future._propagateToListeners.handleError (dart:async/future_impl.dart:796:47)
#5      Future._propagateToListeners (dart:async/future_impl.dart:817:13)
#6      Future._completeError (dart:async/future_impl.dart:592:5)
#7      _rootRunBinary (dart:async/zone.dart:1423:47)
#8      _CustomZone.runBinary (dart:async/zone.dart:1315:19)
#9      _FutureListener.handleError (dart:async/future_impl.dart:162:22)
#10     Future._propagateToListeners.handleError (dart:async/future_impl.dart:796:47)
#11     Future._propagateToListeners (dart:async/future_impl.dart:817:13)
#12     Future._completeError (dart:async/future_impl.dart:592:5)
#13     _rootRunBinary (dart:async/zone.dart:1423:47)
#14     _CustomZone.runBinary (dart:async/zone.dart:1315:19)
#15     _FutureListener.handleError (dart:async/future_impl.dart:162:22)
#16     Future._propagateToListeners.handleError (dart:async/future_impl.dart:796:47)
#17     Future._propagateToListeners (dart:async/future_impl.dart:817:13)
#18     Future._completeWithValue (dart:async/future_impl.dart:584:5)
#19     Future._asyncCompleteWithValue.<anonymous closure> (dart:async/future_impl.dart:657:7)
#20     _rootRun (dart:async/zone.dart:1399:13)
#21     _CustomZone.run (dart:async/zone.dart:1301:19)
#22     _CustomZone.runGuarded (dart:async/zone.dart:1209:7)
#23     _CustomZone.bindCallbackGuarded.<anonymous closure> (dart:async/zone.dart:1249:23)
#24     _microtaskLoop (dart:async/schedule_microtask.dart:40:21)
#25     _startMicrotaskLoop (dart:async/schedule_microtask.dart:49:5)
#26     _runPendingImmediateCallback (dart:isolate-patch/isolate_patch.dart:123:13)
#27     _RawReceivePort._handleMessage (dart:isolate-patch/isolate_patch.dart:190:5)

The request analysis.updateContent failed with the following error:
RequestErrorCode.PLUGIN_ERROR
Failed to read pubspec.yaml at /Users/anggadwiarifandi/Documents/projects.nosync/custom_lint_app:
PathNotFoundException: Cannot open file, path = '/Users/anggadwiarifandi/Documents/projects.nosync/custom_lint_app/pubspec.yaml' (OS Error: No such file or directory, errno = 2)
#0      _checkForErrorResponse (dart:io/common.dart:55:9)
#1      _File.open.<anonymous closure> (dart:io/file_impl.dart:381:7)
#2      _rootRunUnary (dart:async/zone.dart:1407:47)
#3      _CustomZone.runUnary (dart:async/zone.dart:1308:19)
<asynchronous suspension>
#4      _File.readAsString (dart:io/file_impl.dart:621:18)
<asynchronous suspension>
#5      parsePubspec (package:custom_lint/src/package_utils.dart:84:24)
<asynchronous suspension>
#6      CustomLintProject.parse (package:custom_lint/src/workspace.dart:980:28)
<asynchronous suspension>
#7      Future.wait.<anonymous closure> (dart:async/future.dart:525:21)
<asynchronous suspension>
#8      CustomLintWorkspace.fromContextRoots (package:custom_lint/src/workspace.dart:487:22)
<asynchronous suspension>
#9      SocketCustomLintServerToClientChannel.create (package:custom_lint/src/v2/server_to_client_channel.dart:59:23)
<asynchronous suspension>
#10     CustomLintServer._maybeSpawnCustomLintPlugin (package:custom_lint/src/v2/custom_lint_analyzer_plugin.dart:347:23)
<asynchronous suspension>
#11     CustomLintServer._handleAnalysisSetContextRoots.<anonymous closure> (package:custom_lint/src/v2/custom_lint_analyzer_plugin.dart:328:9)
<asynchronous suspension>
#12     PendingOperation.run (package:custom_lint/src/async_operation.dart:22:14)
<asynchronous suspension>
#13     CustomLintServer._handleRequest (package:custom_lint/src/v2/custom_lint_analyzer_plugin.dart:160:22)
<asynchronous suspension>

at:
#0      CustomLintProject.parse.<anonymous closure> (package:custom_lint/src/workspace.dart:983:7)
#1      _rootRunBinary (dart:async/zone.dart:1423:47)
#2      _CustomZone.runBinary (dart:async/zone.dart:1315:19)
#3      _FutureListener.handleError (dart:async/future_impl.dart:162:22)
#4      Future._propagateToListeners.handleError (dart:async/future_impl.dart:796:47)
#5      Future._propagateToListeners (dart:async/future_impl.dart:817:13)
#6      Future._completeError (dart:async/future_impl.dart:592:5)
#7      _rootRunBinary (dart:async/zone.dart:1423:47)
#8      _CustomZone.runBinary (dart:async/zone.dart:1315:19)
#9      _FutureListener.handleError (dart:async/future_impl.dart:162:22)
#10     Future._propagateToListeners.handleError (dart:async/future_impl.dart:796:47)
#11     Future._propagateToListeners (dart:async/future_impl.dart:817:13)
#12     Future._completeError (dart:async/future_impl.dart:592:5)
#13     _rootRunBinary (dart:async/zone.dart:1423:47)
#14     _CustomZone.runBinary (dart:async/zone.dart:1315:19)
#15     _FutureListener.handleError (dart:async/future_impl.dart:162:22)
#16     Future._propagateToListeners.handleError (dart:async/future_impl.dart:796:47)
#17     Future._propagateToListeners (dart:async/future_impl.dart:817:13)
#18     Future._completeWithValue (dart:async/future_impl.dart:584:5)
#19     Future._asyncCompleteWithValue.<anonymous closure> (dart:async/future_impl.dart:657:7)
#20     _rootRun (dart:async/zone.dart:1399:13)
#21     _CustomZone.run (dart:async/zone.dart:1301:19)
#22     _CustomZone.runGuarded (dart:async/zone.dart:1209:7)
#23     _CustomZone.bindCallbackGuarded.<anonymous closure> (dart:async/zone.dart:1249:23)
#24     _microtaskLoop (dart:async/schedule_microtask.dart:40:21)
#25     _startMicrotaskLoop (dart:async/schedule_microtask.dart:49:5)
#26     _runPendingImmediateCallback (dart:isolate-patch/isolate_patch.dart:123:13)
#27     _RawReceivePort._handleMessage (dart:isolate-patch/isolate_patch.dart:190:5)

The request analysis.setPriorityFiles failed with the following error:
RequestErrorCode.PLUGIN_ERROR
Failed to read pubspec.yaml at /Users/anggadwiarifandi/Documents/projects.nosync/custom_lint_app:
PathNotFoundException: Cannot open file, path = '/Users/anggadwiarifandi/Documents/projects.nosync/custom_lint_app/pubspec.yaml' (OS Error: No such file or directory, errno = 2)
#0      _checkForErrorResponse (dart:io/common.dart:55:9)
#1      _File.open.<anonymous closure> (dart:io/file_impl.dart:381:7)
#2      _rootRunUnary (dart:async/zone.dart:1407:47)
#3      _CustomZone.runUnary (dart:async/zone.dart:1308:19)
<asynchronous suspension>
#4      _File.readAsString (dart:io/file_impl.dart:621:18)
<asynchronous suspension>
#5      parsePubspec (package:custom_lint/src/package_utils.dart:84:24)
<asynchronous suspension>
#6      CustomLintProject.parse (package:custom_lint/src/workspace.dart:980:28)
<asynchronous suspension>
#7      Future.wait.<anonymous closure> (dart:async/future.dart:525:21)
<asynchronous suspension>
#8      CustomLintWorkspace.fromContextRoots (package:custom_lint/src/workspace.dart:487:22)
<asynchronous suspension>
#9      SocketCustomLintServerToClientChannel.create (package:custom_lint/src/v2/server_to_client_channel.dart:59:23)
<asynchronous suspension>
#10     CustomLintServer._maybeSpawnCustomLintPlugin (package:custom_lint/src/v2/custom_lint_analyzer_plugin.dart:347:23)
<asynchronous suspension>
#11     CustomLintServer._handleAnalysisSetContextRoots.<anonymous closure> (package:custom_lint/src/v2/custom_lint_analyzer_plugin.dart:328:9)
<asynchronous suspension>
#12     PendingOperation.run (package:custom_lint/src/async_operation.dart:22:14)
<asynchronous suspension>
#13     CustomLintServer._handleRequest (package:custom_lint/src/v2/custom_lint_analyzer_plugin.dart:160:22)
<asynchronous suspension>

at:
#0      CustomLintProject.parse.<anonymous closure> (package:custom_lint/src/workspace.dart:983:7)
#1      _rootRunBinary (dart:async/zone.dart:1423:47)
#2      _CustomZone.runBinary (dart:async/zone.dart:1315:19)
#3      _FutureListener.handleError (dart:async/future_impl.dart:162:22)
#4      Future._propagateToListeners.handleError (dart:async/future_impl.dart:796:47)
#5      Future._propagateToListeners (dart:async/future_impl.dart:817:13)
#6      Future._completeError (dart:async/future_impl.dart:592:5)
#7      _rootRunBinary (dart:async/zone.dart:1423:47)
#8      _CustomZone.runBinary (dart:async/zone.dart:1315:19)
#9      _FutureListener.handleError (dart:async/future_impl.dart:162:22)
#10     Future._propagateToListeners.handleError (dart:async/future_impl.dart:796:47)
#11     Future._propagateToListeners (dart:async/future_impl.dart:817:13)
#12     Future._completeError (dart:async/future_impl.dart:592:5)
#13     _rootRunBinary (dart:async/zone.dart:1423:47)
#14     _CustomZone.runBinary (dart:async/zone.dart:1315:19)
#15     _FutureListener.handleError (dart:async/future_impl.dart:162:22)
#16     Future._propagateToListeners.handleError (dart:async/future_impl.dart:796:47)
#17     Future._propagateToListeners (dart:async/future_impl.dart:817:13)
#18     Future._completeWithValue (dart:async/future_impl.dart:584:5)
#19     Future._asyncCompleteWithValue.<anonymous closure> (dart:async/future_impl.dart:657:7)
#20     _rootRun (dart:async/zone.dart:1399:13)
#21     _CustomZone.run (dart:async/zone.dart:1301:19)
#22     _CustomZone.runGuarded (dart:async/zone.dart:1209:7)
#23     _CustomZone.bindCallbackGuarded.<anonymous closure> (dart:async/zone.dart:1249:23)
#24     _microtaskLoop (dart:async/schedule_microtask.dart:40:21)
#25     _startMicrotaskLoop (dart:async/schedule_microtask.dart:49:5)
#26     _runPendingImmediateCallback (dart:isolate-patch/isolate_patch.dart:123:13)
#27     _RawReceivePort._handleMessage (dart:isolate-patch/isolate_patch.dart:190:5)

The request analysis.setSubscriptions failed with the following error:
RequestErrorCode.PLUGIN_ERROR
Failed to read pubspec.yaml at /Users/anggadwiarifandi/Documents/projects.nosync/custom_lint_app:
PathNotFoundException: Cannot open file, path = '/Users/anggadwiarifandi/Documents/projects.nosync/custom_lint_app/pubspec.yaml' (OS Error: No such file or directory, errno = 2)
#0      _checkForErrorResponse (dart:io/common.dart:55:9)
#1      _File.open.<anonymous closure> (dart:io/file_impl.dart:381:7)
#2      _rootRunUnary (dart:async/zone.dart:1407:47)
#3      _CustomZone.runUnary (dart:async/zone.dart:1308:19)
<asynchronous suspension>
#4      _File.readAsString (dart:io/file_impl.dart:621:18)
<asynchronous suspension>
#5      parsePubspec (package:custom_lint/src/package_utils.dart:84:24)
<asynchronous suspension>
#6      CustomLintProject.parse (package:custom_lint/src/workspace.dart:980:28)
<asynchronous suspension>
#7      Future.wait.<anonymous closure> (dart:async/future.dart:525:21)
<asynchronous suspension>
#8      CustomLintWorkspace.fromContextRoots (package:custom_lint/src/workspace.dart:487:22)
<asynchronous suspension>
#9      SocketCustomLintServerToClientChannel.create (package:custom_lint/src/v2/server_to_client_channel.dart:59:23)
<asynchronous suspension>
#10     CustomLintServer._maybeSpawnCustomLintPlugin (package:custom_lint/src/v2/custom_lint_analyzer_plugin.dart:347:23)
<asynchronous suspension>
#11     CustomLintServer._handleAnalysisSetContextRoots.<anonymous closure> (package:custom_lint/src/v2/custom_lint_analyzer_plugin.dart:328:9)
<asynchronous suspension>
#12     PendingOperation.run (package:custom_lint/src/async_operation.dart:22:14)
<asynchronous suspension>
#13     CustomLintServer._handleRequest (package:custom_lint/src/v2/custom_lint_analyzer_plugin.dart:160:22)
<asynchronous suspension>

at:
#0      CustomLintProject.parse.<anonymous closure> (package:custom_lint/src/workspace.dart:983:7)
#1      _rootRunBinary (dart:async/zone.dart:1423:47)
#2      _CustomZone.runBinary (dart:async/zone.dart:1315:19)
#3      _FutureListener.handleError (dart:async/future_impl.dart:162:22)
#4      Future._propagateToListeners.handleError (dart:async/future_impl.dart:796:47)
#5      Future._propagateToListeners (dart:async/future_impl.dart:817:13)
#6      Future._completeError (dart:async/future_impl.dart:592:5)
#7      _rootRunBinary (dart:async/zone.dart:1423:47)
#8      _CustomZone.runBinary (dart:async/zone.dart:1315:19)
#9      _FutureListener.handleError (dart:async/future_impl.dart:162:22)
#10     Future._propagateToListeners.handleError (dart:async/future_impl.dart:796:47)
#11     Future._propagateToListeners (dart:async/future_impl.dart:817:13)
#12     Future._completeError (dart:async/future_impl.dart:592:5)
#13     _rootRunBinary (dart:async/zone.dart:1423:47)
#14     _CustomZone.runBinary (dart:async/zone.dart:1315:19)
#15     _FutureListener.handleError (dart:async/future_impl.dart:162:22)
#16     Future._propagateToListeners.handleError (dart:async/future_impl.dart:796:47)
#17     Future._propagateToListeners (dart:async/future_impl.dart:817:13)
#18     Future._completeWithValue (dart:async/future_impl.dart:584:5)
#19     Future._asyncCompleteWithValue.<anonymous closure> (dart:async/future_impl.dart:657:7)
#20     _rootRun (dart:async/zone.dart:1399:13)
#21     _CustomZone.run (dart:async/zone.dart:1301:19)
#22     _CustomZone.runGuarded (dart:async/zone.dart:1209:7)
#23     _CustomZone.bindCallbackGuarded.<anonymous closure> (dart:async/zone.dart:1249:23)
#24     _microtaskLoop (dart:async/schedule_microtask.dart:40:21)
#25     _startMicrotaskLoop (dart:async/schedule_microtask.dart:49:5)
#26     _runPendingImmediateCallback (dart:isolate-patch/isolate_patch.dart:123:13)
#27     _RawReceivePort._handleMessage (dart:isolate-patch/isolate_patch.dart:190:5)

